<?xml version="1.0" encoding="UTF-8"?>
<!-- Generated by org.testng.reporters.JUnitReportReporter -->
<testsuite hostname="DESKTOP-HAQKA9K" name="jira.api.rest.POSTJIRAIssue" tests="1" failures="0" timestamp="11 Sep 2018 03:37:41 GMT" time="7.785" errors="0">
  <testcase name="getJIRASessionID" time="7.785" classname="jira.api.rest.POSTJIRAIssue"/>
</testsuite> <!-- jira.api.rest.POSTJIRAIssue -->
