<?xml version="1.0" encoding="UTF-8"?>
<!-- Generated by org.testng.reporters.JUnitReportReporter -->
<testsuite skipped="0" hostname="INBANGOYAL2" name="NumberArraysTests.TestPrimeNumbersTestNG" tests="2" failures="0" timestamp="07 Jun 2018 13:49:01 GMT" time="8.722" errors="0">
  <testcase name="testGetNthPrimeMethods" time="8.705" classname="NumberArraysTests.TestPrimeNumbersTestNG"/>
  <testcase name="testIsPrimeMethod" time="0.017" classname="NumberArraysTests.TestPrimeNumbersTestNG"/>
</testsuite> <!-- NumberArraysTests.TestPrimeNumbersTestNG -->
