<?xml version="1.0" encoding="UTF-8"?>
<!-- Generated by org.testng.reporters.JUnitReportReporter -->
<testsuite hostname="DESKTOP-HAQKA9K" name="reportng.features.ReportNGTest1" tests="2" failures="0" timestamp="18 Sep 2018 05:23:12 GMT" time="0.026" errors="0">
  <testcase name="secondTest" time="0.002" classname="reportng.features.ReportNGTest1"/>
  <testcase name="firstTest" time="0.024" classname="reportng.features.ReportNGTest1"/>
</testsuite> <!-- reportng.features.ReportNGTest1 -->
