<?xml version="1.0" encoding="UTF-8"?>
<!-- Generated by org.testng.reporters.JUnitReportReporter -->
<testsuite hostname="DESKTOP-HAQKA9K" name="testng.features.SampleTestClass1" tests="1" failures="0" timestamp="18 Sep 2018 03:39:09 GMT" time="0.023" errors="0">
  <testcase name="sampleTest1" time="0.023" classname="testng.features.SampleTestClass1"/>
</testsuite> <!-- testng.features.SampleTestClass1 -->
