<?xml version="1.0" encoding="UTF-8"?>
<!-- Generated by org.testng.reporters.JUnitReportReporter -->
<testsuite hostname="INBANGOYAL2" name="RestAssuredXMLTests.TestPOSTDeleteE2E" tests="1" failures="0" timestamp="10 Jun 2018 05:33:01 GMT" time="25.444" errors="0">
  <testcase name="addPlaceInGoogleMaps" time="25.444" classname="RestAssuredXMLTests.TestPOSTDeleteE2E"/>
</testsuite> <!-- RestAssuredXMLTests.TestPOSTDeleteE2E -->
