<?xml version="1.0" encoding="UTF-8"?>
<!-- Generated by org.testng.reporters.JUnitReportReporter -->
<testsuite hostname="INBANGOYAL2" name="RestAssuredBasicTests.TestPOSTDeleteE2E" tests="1" failures="0" timestamp="9 Jun 2018 17:57:09 GMT" time="21.946" errors="0">
  <testcase name="addPlaceInGoogleMaps" time="21.946" classname="RestAssuredBasicTests.TestPOSTDeleteE2E"/>
</testsuite> <!-- RestAssuredBasicTests.TestPOSTDeleteE2E -->
