<?xml version="1.0" encoding="UTF-8"?>
<!-- Generated by org.testng.reporters.JUnitReportReporter -->
<testsuite hostname="INBANGOYAL2" name="RestAssuredXMLTests.TestPOSTResponseValidator" tests="1" failures="0" timestamp="10 Jun 2018 05:28:30 GMT" time="17.374" errors="0">
  <testcase name="addPlaceInGoogleMaps" time="17.374" classname="RestAssuredXMLTests.TestPOSTResponseValidator"/>
</testsuite> <!-- RestAssuredXMLTests.TestPOSTResponseValidator -->
