<?xml version="1.0" encoding="UTF-8"?>
<!-- Generated by org.testng.reporters.JUnitReportReporter -->
<testsuite hostname="INBANGOYAL2" name="RestAssuredBasics.POSTResponseValidator" tests="1" failures="0" timestamp="9 Jun 2018 17:22:00 GMT" time="21.064" errors="0">
  <testcase name="addPlaceInGoogleMaps" time="21.064" classname="RestAssuredBasics.POSTResponseValidator"/>
</testsuite> <!-- RestAssuredBasics.POSTResponseValidator -->
