<?xml version="1.0" encoding="UTF-8"?>
<!-- Generated by org.testng.reporters.JUnitReportReporter -->
<testsuite hostname="DESKTOP-HAQKA9K" name="jira.api.rest.DELETEJIRAComment" tests="1" failures="0" timestamp="17 Jun 2018 08:35:33 GMT" time="33.769" errors="0">
  <testcase name="getJIRASessionID" time="33.769" classname="jira.api.rest.DELETEJIRAComment"/>
</testsuite> <!-- jira.api.rest.DELETEJIRAComment -->
