<?xml version="1.0" encoding="UTF-8"?>
<!-- Generated by org.testng.reporters.JUnitReportReporter -->
<testsuite hostname="INBANGOYAL2" name="RestAssuredBasics.POSTRequestTest" tests="1" failures="0" timestamp="9 Jun 2018 16:21:47 GMT" time="2.762" errors="0">
  <testcase name="addPlaceInGoogleMaps" time="2.762" classname="RestAssuredBasics.POSTRequestTest"/>
</testsuite> <!-- RestAssuredBasics.POSTRequestTest -->
