<?xml version="1.0" encoding="UTF-8"?>
<!-- Generated by org.testng.reporters.JUnitReportReporter -->
<testsuite hostname="DESKTOP-HAQKA9K" name="twitter.api.rest.GETTweets" tests="1" failures="0" timestamp="20 Jul 2018 02:53:05 GMT" time="5.013" errors="0">
  <testcase name="retrieveTweetsTimeline" time="5.013" classname="twitter.api.rest.GETTweets"/>
</testsuite> <!-- twitter.api.rest.GETTweets -->
