<?xml version="1.0" encoding="UTF-8"?>
<!-- Generated by org.testng.reporters.JUnitReportReporter -->
<testsuite hostname="DESKTOP-HAQKA9K" name="jira.api.rest.POSTJIRAIssuenComments" tests="1" failures="0" timestamp="15 Jun 2018 11:30:17 GMT" time="3.609" errors="0">
  <testcase name="getJIRASessionID" time="3.609" classname="jira.api.rest.POSTJIRAIssuenComments"/>
</testsuite> <!-- jira.api.rest.POSTJIRAIssuenComments -->
