<?xml version="1.0" encoding="UTF-8"?>
<!-- Generated by org.testng.reporters.JUnitReportReporter -->
<testsuite hostname="DESKTOP-HAQKA9K" name="jira.api.rest.POSTJIRAIssue" tests="1" failures="0" timestamp="15 Jun 2018 11:17:28 GMT" time="31.594" errors="0">
  <testcase name="getJIRASessionID" time="31.594" classname="jira.api.rest.POSTJIRAIssue"/>
</testsuite> <!-- jira.api.rest.POSTJIRAIssue -->
