<?xml version="1.0" encoding="UTF-8"?>
<!-- Generated by org.testng.reporters.JUnitReportReporter -->
<testsuite hostname="DESKTOP-HAQKA9K" name="jira.api.rest.POSTJIRAComment" tests="1" failures="0" timestamp="17 Jun 2018 05:58:41 GMT" time="14.174" errors="0">
  <testcase name="getJIRASessionID" time="14.174" classname="jira.api.rest.POSTJIRAComment"/>
</testsuite> <!-- jira.api.rest.POSTJIRAComment -->
