<?xml version="1.0" encoding="UTF-8"?>
<!-- Generated by org.testng.reporters.JUnitReportReporter -->
<testsuite hostname="INBANGOYAL2" name="RestAssuredJSONTests.TestGETRequestJSONParse" tests="1" failures="0" timestamp="10 Jun 2018 11:49:58 GMT" time="14.642" errors="0">
  <testcase name="searchGoogleMapsJSON" time="14.642" classname="RestAssuredJSONTests.TestGETRequestJSONParse"/>
</testsuite> <!-- RestAssuredJSONTests.TestGETRequestJSONParse -->
