<?xml version="1.0" encoding="UTF-8"?>
<!-- Generated by org.testng.reporters.JUnitReportReporter -->
<testsuite hostname="DESKTOP-HAQKA9K" name="log4j.samples.SampleLog4j" tests="4" failures="0" timestamp="5 Sep 2018 04:37:20 GMT" time="0.032" errors="0">
  <testcase name="two" time="0.002" classname="log4j.samples.SampleLog4j"/>
  <testcase name="four" time="0.017" classname="log4j.samples.SampleLog4j"/>
  <testcase name="three" time="0.011" classname="log4j.samples.SampleLog4j"/>
  <testcase name="one" time="0.002" classname="log4j.samples.SampleLog4j"/>
</testsuite> <!-- log4j.samples.SampleLog4j -->
