<?xml version="1.0" encoding="UTF-8"?>
<!-- Generated by org.testng.reporters.JUnitReportReporter -->
<testsuite hostname="INBANGOYAL2" name="RestAssuredXMLTests.TestPOSTRequest" tests="1" failures="0" timestamp="10 Jun 2018 04:50:15 GMT" time="13.327" errors="0">
  <testcase name="addPlaceInGoogleMaps" time="13.327" classname="RestAssuredXMLTests.TestPOSTRequest"/>
</testsuite> <!-- RestAssuredXMLTests.TestPOSTRequest -->
