<?xml version="1.0" encoding="UTF-8"?>
<!-- Generated by org.testng.reporters.JUnitReportReporter -->
<testsuite hostname="DESKTOP-HAQKA9K" name="RestAssuredJSONTests.TestPOSTDeleteE2E" tests="1" failures="0" timestamp="21 Jul 2018 10:10:34 GMT" time="0.988" errors="0">
  <testcase name="addPlaceInGoogleMaps" time="0.988" classname="RestAssuredJSONTests.TestPOSTDeleteE2E"/>
</testsuite> <!-- RestAssuredJSONTests.TestPOSTDeleteE2E -->
