<?xml version="1.0" encoding="UTF-8"?>
<!-- Generated by org.testng.reporters.JUnitReportReporter -->
<testsuite hostname="DESKTOP-HAQKA9K" name="NumberArraysTests.TestPrimeNumbersTestNG" tests="2" failures="0" timestamp="21 Jul 2018 10:10:34 GMT" time="1.650" errors="0">
  <testcase name="testIsPrimeMethod" time="0.000" classname="NumberArraysTests.TestPrimeNumbersTestNG"/>
  <testcase name="testGetNthPrimeMethods" time="1.650" classname="NumberArraysTests.TestPrimeNumbersTestNG"/>
</testsuite> <!-- NumberArraysTests.TestPrimeNumbersTestNG -->
