<?xml version="1.0" encoding="UTF-8"?>
<!-- Generated by org.testng.reporters.JUnitReportReporter -->
<testsuite hostname="DESKTOP-HAQKA9K" name="RestAssuredJSONTests.TestGETRequestJSONParse" tests="1" failures="0" timestamp="21 Jul 2018 10:10:34 GMT" time="0.642" errors="0">
  <testcase name="searchGoogleMapsJSON" time="0.642" classname="RestAssuredJSONTests.TestGETRequestJSONParse"/>
</testsuite> <!-- RestAssuredJSONTests.TestGETRequestJSONParse -->
